<?xml version="1.0" encoding="UTF-8"?>
<coverage generated="1516287965447" clover="3.2.0">
  <project timestamp="1516287965447" name="All files">
    <metrics statements="60" coveredstatements="55" conditionals="7" coveredconditionals="6" methods="20" coveredmethods="20" elements="87" coveredelements="81" complexity="0" loc="60" ncloc="60" packages="3" files="3" classes="3">
      <package name="src">
        <metrics statements="42" coveredstatements="42" conditionals="5" coveredconditionals="5" methods="15" coveredmethods="15"/>
        <file name="index.js" path="/Sites/rafipayment_socket_server/src/index.js">
          <metrics statements="42" coveredstatements="42" conditionals="5" coveredconditionals="5" methods="15" coveredmethods="15"/>
          <line num="1" count="1" type="stmt"/>
          <line num="3" count="1" type="stmt"/>
          <line num="4" count="1" type="stmt"/>
          <line num="5" count="1" type="stmt"/>
          <line num="6" count="1" type="stmt"/>
          <line num="7" count="1" type="stmt"/>
          <line num="9" count="1" type="stmt"/>
          <line num="11" count="1" type="stmt"/>
          <line num="13" count="1" type="stmt"/>
          <line num="14" count="1" type="stmt"/>
          <line num="18" count="4" type="stmt"/>
          <line num="22" count="3" type="stmt"/>
          <line num="26" count="1" type="stmt"/>
          <line num="28" count="1" type="stmt"/>
          <line num="29" count="1" type="stmt"/>
          <line num="32" count="1" type="stmt"/>
          <line num="34" count="1" type="stmt"/>
          <line num="36" count="1" type="stmt"/>
          <line num="40" count="1" type="stmt"/>
          <line num="41" count="1" type="stmt"/>
          <line num="43" count="1" type="stmt"/>
          <line num="44" count="1" type="stmt"/>
          <line num="47" count="1" type="stmt"/>
          <line num="48" count="1" type="stmt"/>
          <line num="54" count="1" type="stmt"/>
          <line num="55" count="1" type="stmt"/>
          <line num="59" count="1" type="stmt"/>
          <line num="60" count="1" type="stmt"/>
          <line num="64" count="2" type="cond" truecount="2" falsecount="0"/>
          <line num="67" count="2" type="cond" truecount="2" falsecount="0"/>
          <line num="70" count="2" type="stmt"/>
          <line num="71" count="2" type="stmt"/>
          <line num="72" count="2" type="stmt"/>
          <line num="78" count="1" type="stmt"/>
          <line num="82" count="1" type="stmt"/>
          <line num="83" count="1" type="stmt"/>
          <line num="85" count="1" type="stmt"/>
          <line num="89" count="2" type="stmt"/>
          <line num="90" count="2" type="stmt"/>
          <line num="95" count="3" type="stmt"/>
          <line num="99" count="1" type="stmt"/>
          <line num="100" count="1" type="stmt"/>
        </file>
      </package>
      <package name="src.config">
        <metrics statements="1" coveredstatements="1" conditionals="0" coveredconditionals="0" methods="0" coveredmethods="0"/>
        <file name="index.js" path="/Sites/rafipayment_socket_server/src/config/index.js">
          <metrics statements="1" coveredstatements="1" conditionals="0" coveredconditionals="0" methods="0" coveredmethods="0"/>
          <line num="1" count="1" type="stmt"/>
        </file>
      </package>
      <package name="src.utils">
        <metrics statements="17" coveredstatements="12" conditionals="2" coveredconditionals="1" methods="5" coveredmethods="5"/>
        <file name="index.js" path="/Sites/rafipayment_socket_server/src/utils/index.js">
          <metrics statements="17" coveredstatements="12" conditionals="2" coveredconditionals="1" methods="5" coveredmethods="5"/>
          <line num="1" count="1" type="stmt"/>
          <line num="3" count="1" type="stmt"/>
          <line num="4" count="1" type="stmt"/>
          <line num="5" count="1" type="stmt"/>
          <line num="7" count="1" type="stmt"/>
          <line num="9" count="1" type="stmt"/>
          <line num="10" count="1" type="stmt"/>
          <line num="12" count="1" type="cond" truecount="1" falsecount="1"/>
          <line num="13" count="0" type="stmt"/>
          <line num="15" count="0" type="stmt"/>
          <line num="16" count="0" type="stmt"/>
          <line num="17" count="0" type="stmt"/>
          <line num="19" count="0" type="stmt"/>
          <line num="26" count="1" type="stmt"/>
          <line num="27" count="1" type="stmt"/>
          <line num="30" count="1" type="stmt"/>
          <line num="31" count="4" type="stmt"/>
        </file>
      </package>
    </metrics>
  </project>
</coverage>
