{"/Sites/rafipayment_socket_server/src/index.js": {"path":"/Sites/rafipayment_socket_server/src/index.js","statementMap":{"0":{"start":{"line":1,"column":12},"end":{"line":1,"column":32}},"1":{"start":{"line":3,"column":14},"end":{"line":3,"column":30}},"2":{"start":{"line":4,"column":15},"end":{"line":4,"column":39}},"3":{"start":{"line":5,"column":14},"end":{"line":5,"column":32}},"4":{"start":{"line":6,"column":20},"end":{"line":6,"column":39}},"5":{"start":{"line":7,"column":19},"end":{"line":7,"column":38}},"6":{"start":{"line":9,"column":12},"end":{"line":9,"column":23}},"7":{"start":{"line":11,"column":0},"end":{"line":102,"column":1}},"8":{"start":{"line":13,"column":4},"end":{"line":13,"column":21}},"9":{"start":{"line":14,"column":4},"end":{"line":14,"column":22}},"10":{"start":{"line":18,"column":4},"end":{"line":18,"column":43}},"11":{"start":{"line":22,"column":4},"end":{"line":22,"column":35}},"12":{"start":{"line":26,"column":4},"end":{"line":26,"column":79}},"13":{"start":{"line":28,"column":4},"end":{"line":28,"column":28}},"14":{"start":{"line":29,"column":4},"end":{"line":31,"column":24}},"15":{"start":{"line":32,"column":4},"end":{"line":32,"column":49}},"16":{"start":{"line":34,"column":4},"end":{"line":34,"column":29}},"17":{"start":{"line":36,"column":4},"end":{"line":36,"column":78}},"18":{"start":{"line":40,"column":4},"end":{"line":50,"column":6}},"19":{"start":{"line":41,"column":6},"end":{"line":41,"column":28}},"20":{"start":{"line":43,"column":6},"end":{"line":45,"column":8}},"21":{"start":{"line":44,"column":8},"end":{"line":44,"column":41}},"22":{"start":{"line":47,"column":6},"end":{"line":49,"column":8}},"23":{"start":{"line":48,"column":8},"end":{"line":48,"column":33}},"24":{"start":{"line":54,"column":4},"end":{"line":54,"column":36}},"25":{"start":{"line":55,"column":4},"end":{"line":55,"column":29}},"26":{"start":{"line":59,"column":4},"end":{"line":59,"column":34}},"27":{"start":{"line":60,"column":4},"end":{"line":60,"column":35}},"28":{"start":{"line":64,"column":19},"end":{"line":66,"column":22}},"29":{"start":{"line":67,"column":18},"end":{"line":69,"column":17}},"30":{"start":{"line":70,"column":18},"end":{"line":70,"column":36}},"31":{"start":{"line":71,"column":17},"end":{"line":71,"column":37}},"32":{"start":{"line":72,"column":4},"end":{"line":74,"column":5}},"33":{"start":{"line":78,"column":4},"end":{"line":80,"column":14}},"34":{"start":{"line":82,"column":15},"end":{"line":82,"column":32}},"35":{"start":{"line":83,"column":4},"end":{"line":83,"column":25}},"36":{"start":{"line":85,"column":4},"end":{"line":85,"column":28}},"37":{"start":{"line":89,"column":4},"end":{"line":91,"column":5}},"38":{"start":{"line":90,"column":6},"end":{"line":90,"column":50}},"39":{"start":{"line":95,"column":4},"end":{"line":95,"column":37}},"40":{"start":{"line":99,"column":4},"end":{"line":99,"column":23}},"41":{"start":{"line":100,"column":4},"end":{"line":100,"column":21}}},"fnMap":{"0":{"name":"(anonymous_0)","decl":{"start":{"line":12,"column":2},"end":{"line":12,"column":3}},"loc":{"start":{"line":12,"column":23},"end":{"line":15,"column":3}},"line":12},"1":{"name":"(anonymous_1)","decl":{"start":{"line":17,"column":2},"end":{"line":17,"column":3}},"loc":{"start":{"line":17,"column":22},"end":{"line":19,"column":3}},"line":17},"2":{"name":"(anonymous_2)","decl":{"start":{"line":21,"column":2},"end":{"line":21,"column":3}},"loc":{"start":{"line":21,"column":22},"end":{"line":23,"column":3}},"line":21},"3":{"name":"(anonymous_3)","decl":{"start":{"line":25,"column":2},"end":{"line":25,"column":3}},"loc":{"start":{"line":25,"column":16},"end":{"line":37,"column":3}},"line":25},"4":{"name":"(anonymous_4)","decl":{"start":{"line":39,"column":2},"end":{"line":39,"column":3}},"loc":{"start":{"line":39,"column":23},"end":{"line":51,"column":3}},"line":39},"5":{"name":"(anonymous_5)","decl":{"start":{"line":40,"column":26},"end":{"line":40,"column":27}},"loc":{"start":{"line":40,"column":36},"end":{"line":50,"column":5}},"line":40},"6":{"name":"(anonymous_6)","decl":{"start":{"line":43,"column":27},"end":{"line":43,"column":28}},"loc":{"start":{"line":43,"column":35},"end":{"line":45,"column":7}},"line":43},"7":{"name":"(anonymous_7)","decl":{"start":{"line":47,"column":25},"end":{"line":47,"column":26}},"loc":{"start":{"line":47,"column":31},"end":{"line":49,"column":7}},"line":47},"8":{"name":"(anonymous_8)","decl":{"start":{"line":53,"column":2},"end":{"line":53,"column":3}},"loc":{"start":{"line":53,"column":20},"end":{"line":56,"column":3}},"line":53},"9":{"name":"(anonymous_9)","decl":{"start":{"line":58,"column":2},"end":{"line":58,"column":3}},"loc":{"start":{"line":58,"column":23},"end":{"line":61,"column":3}},"line":58},"10":{"name":"(anonymous_10)","decl":{"start":{"line":63,"column":2},"end":{"line":63,"column":3}},"loc":{"start":{"line":63,"column":40},"end":{"line":75,"column":3}},"line":63},"11":{"name":"(anonymous_11)","decl":{"start":{"line":77,"column":2},"end":{"line":77,"column":3}},"loc":{"start":{"line":77,"column":32},"end":{"line":86,"column":3}},"line":77},"12":{"name":"(anonymous_12)","decl":{"start":{"line":88,"column":2},"end":{"line":88,"column":3}},"loc":{"start":{"line":88,"column":22},"end":{"line":92,"column":3}},"line":88},"13":{"name":"(anonymous_13)","decl":{"start":{"line":94,"column":2},"end":{"line":94,"column":3}},"loc":{"start":{"line":94,"column":28},"end":{"line":96,"column":3}},"line":94},"14":{"name":"(anonymous_14)","decl":{"start":{"line":98,"column":2},"end":{"line":98,"column":3}},"loc":{"start":{"line":98,"column":10},"end":{"line":101,"column":3}},"line":98}},"branchMap":{"0":{"loc":{"start":{"line":63,"column":23},"end":{"line":63,"column":38}},"type":"default-arg","locations":[{"start":{"line":63,"column":33},"end":{"line":63,"column":38}}],"line":63},"1":{"loc":{"start":{"line":64,"column":19},"end":{"line":66,"column":22}},"type":"cond-expr","locations":[{"start":{"line":65,"column":8},"end":{"line":65,"column":16}},{"start":{"line":66,"column":8},"end":{"line":66,"column":22}}],"line":64},"2":{"loc":{"start":{"line":67,"column":18},"end":{"line":69,"column":17}},"type":"cond-expr","locations":[{"start":{"line":68,"column":8},"end":{"line":68,"column":16}},{"start":{"line":69,"column":8},"end":{"line":69,"column":17}}],"line":67}},"s":{"0":1,"1":1,"2":1,"3":1,"4":1,"5":1,"6":1,"7":1,"8":1,"9":1,"10":4,"11":3,"12":1,"13":1,"14":1,"15":1,"16":1,"17":1,"18":1,"19":1,"20":1,"21":1,"22":1,"23":1,"24":1,"25":1,"26":1,"27":1,"28":2,"29":2,"30":2,"31":2,"32":2,"33":1,"34":1,"35":1,"36":1,"37":2,"38":2,"39":3,"40":1,"41":1},"f":{"0":1,"1":4,"2":3,"3":1,"4":1,"5":1,"6":1,"7":1,"8":1,"9":1,"10":2,"11":1,"12":2,"13":3,"14":1},"b":{"0":[1],"1":[1,1],"2":[1,1]},"_coverageSchema":"332fd63041d2c1bcb487cc26dd0d5f7d97098a6c","hash":"d0f6f2d1b3c64532072c93743509384595939419"}
,"/Sites/rafipayment_socket_server/src/config/index.js": {"path":"/Sites/rafipayment_socket_server/src/config/index.js","statementMap":{"0":{"start":{"line":1,"column":0},"end":{"line":20,"column":1}}},"fnMap":{},"branchMap":{},"s":{"0":1},"f":{},"b":{},"_coverageSchema":"332fd63041d2c1bcb487cc26dd0d5f7d97098a6c","hash":"738b00dd0364cba7ca3c366cc371a912cf591ff8"}
,"/Sites/rafipayment_socket_server/src/utils/index.js": {"path":"/Sites/rafipayment_socket_server/src/utils/index.js","statementMap":{"0":{"start":{"line":1,"column":12},"end":{"line":1,"column":32}},"1":{"start":{"line":3,"column":11},"end":{"line":3,"column":24}},"2":{"start":{"line":4,"column":14},"end":{"line":4,"column":30}},"3":{"start":{"line":5,"column":15},"end":{"line":5,"column":40}},"4":{"start":{"line":7,"column":12},"end":{"line":7,"column":23}},"5":{"start":{"line":9,"column":0},"end":{"line":24,"column":1}},"6":{"start":{"line":10,"column":14},"end":{"line":10,"column":53}},"7":{"start":{"line":12,"column":2},"end":{"line":23,"column":3}},"8":{"start":{"line":13,"column":4},"end":{"line":13,"column":44}},"9":{"start":{"line":15,"column":20},"end":{"line":15,"column":44}},"10":{"start":{"line":16,"column":19},"end":{"line":16,"column":61}},"11":{"start":{"line":17,"column":20},"end":{"line":17,"column":59}},"12":{"start":{"line":19,"column":4},"end":{"line":22,"column":5}},"13":{"start":{"line":26,"column":0},"end":{"line":28,"column":1}},"14":{"start":{"line":27,"column":2},"end":{"line":27,"column":38}},"15":{"start":{"line":30,"column":0},"end":{"line":32,"column":1}},"16":{"start":{"line":31,"column":2},"end":{"line":31,"column":70}},"17":{"start":{"line":31,"column":32},"end":{"line":31,"column":69}},"18":{"start":{"line":31,"column":49},"end":{"line":31,"column":58}}},"fnMap":{"0":{"name":"(anonymous_0)","decl":{"start":{"line":9,"column":29},"end":{"line":9,"column":30}},"loc":{"start":{"line":9,"column":35},"end":{"line":24,"column":1}},"line":9},"1":{"name":"(anonymous_1)","decl":{"start":{"line":26,"column":31},"end":{"line":26,"column":32}},"loc":{"start":{"line":26,"column":41},"end":{"line":28,"column":1}},"line":26},"2":{"name":"(anonymous_2)","decl":{"start":{"line":30,"column":23},"end":{"line":30,"column":24}},"loc":{"start":{"line":30,"column":37},"end":{"line":32,"column":1}},"line":30},"3":{"name":"(anonymous_3)","decl":{"start":{"line":31,"column":21},"end":{"line":31,"column":22}},"loc":{"start":{"line":31,"column":32},"end":{"line":31,"column":69}},"line":31},"4":{"name":"(anonymous_4)","decl":{"start":{"line":31,"column":43},"end":{"line":31,"column":44}},"loc":{"start":{"line":31,"column":49},"end":{"line":31,"column":58}},"line":31}},"branchMap":{"0":{"loc":{"start":{"line":12,"column":2},"end":{"line":23,"column":3}},"type":"if","locations":[{"start":{"line":12,"column":2},"end":{"line":23,"column":3}},{"start":{"line":12,"column":2},"end":{"line":23,"column":3}}],"line":12}},"s":{"0":1,"1":1,"2":1,"3":1,"4":1,"5":1,"6":1,"7":1,"8":0,"9":0,"10":0,"11":0,"12":0,"13":1,"14":1,"15":1,"16":4,"17":4,"18":4},"f":{"0":1,"1":1,"2":4,"3":4,"4":4},"b":{"0":[0,1]},"_coverageSchema":"332fd63041d2c1bcb487cc26dd0d5f7d97098a6c","hash":"b66fe1b6f17d7dd23d6477c651a606ed95779da7"}
}
