TN:
SF:/Sites/rafipayment_socket_server/src/index.js
FN:12,(anonymous_0)
FN:17,(anonymous_1)
FN:21,(anonymous_2)
FN:25,(anonymous_3)
FN:39,(anonymous_4)
FN:40,(anonymous_5)
FN:43,(anonymous_6)
FN:47,(anonymous_7)
FN:53,(anonymous_8)
FN:58,(anonymous_9)
FN:63,(anonymous_10)
FN:77,(anonymous_11)
FN:88,(anonymous_12)
FN:94,(anonymous_13)
FN:98,(anonymous_14)
FNF:15
FNH:15
FNDA:1,(anonymous_0)
FNDA:4,(anonymous_1)
FNDA:3,(anonymous_2)
FNDA:1,(anonymous_3)
FNDA:1,(anonymous_4)
FNDA:1,(anonymous_5)
FNDA:1,(anonymous_6)
FNDA:1,(anonymous_7)
FNDA:1,(anonymous_8)
FNDA:1,(anonymous_9)
FNDA:2,(anonymous_10)
FNDA:1,(anonymous_11)
FNDA:2,(anonymous_12)
FNDA:3,(anonymous_13)
FNDA:1,(anonymous_14)
DA:1,1
DA:3,1
DA:4,1
DA:5,1
DA:6,1
DA:7,1
DA:9,1
DA:11,1
DA:13,1
DA:14,1
DA:18,4
DA:22,3
DA:26,1
DA:28,1
DA:29,1
DA:32,1
DA:34,1
DA:36,1
DA:40,1
DA:41,1
DA:43,1
DA:44,1
DA:47,1
DA:48,1
DA:54,1
DA:55,1
DA:59,1
DA:60,1
DA:64,2
DA:67,2
DA:70,2
DA:71,2
DA:72,2
DA:78,1
DA:82,1
DA:83,1
DA:85,1
DA:89,2
DA:90,2
DA:95,3
DA:99,1
DA:100,1
LF:42
LH:42
BRDA:63,0,0,1
BRDA:64,1,0,1
BRDA:64,1,1,1
BRDA:67,2,0,1
BRDA:67,2,1,1
BRF:5
BRH:5
end_of_record
TN:
SF:/Sites/rafipayment_socket_server/src/config/index.js
FNF:0
FNH:0
DA:1,1
LF:1
LH:1
BRF:0
BRH:0
end_of_record
TN:
SF:/Sites/rafipayment_socket_server/src/utils/index.js
FN:9,(anonymous_0)
FN:26,(anonymous_1)
FN:30,(anonymous_2)
FN:31,(anonymous_3)
FN:31,(anonymous_4)
FNF:5
FNH:5
FNDA:1,(anonymous_0)
FNDA:1,(anonymous_1)
FNDA:4,(anonymous_2)
FNDA:4,(anonymous_3)
FNDA:4,(anonymous_4)
DA:1,1
DA:3,1
DA:4,1
DA:5,1
DA:7,1
DA:9,1
DA:10,1
DA:12,1
DA:13,0
DA:15,0
DA:16,0
DA:17,0
DA:19,0
DA:26,1
DA:27,1
DA:30,1
DA:31,4
LF:17
LH:12
BRDA:12,0,0,0
BRDA:12,0,1,1
BRF:2
BRH:1
end_of_record
