TN:
SF:/Sites/rafipayment_socket_server/src/index.js
FN:16,(anonymous_0)
FN:21,(anonymous_1)
FN:25,(anonymous_2)
FN:29,(anonymous_3)
FN:47,(anonymous_4)
FN:48,(anonymous_5)
FN:51,(anonymous_6)
FN:55,(anonymous_7)
FN:61,(anonymous_8)
FN:66,(anonymous_9)
FN:71,(anonymous_10)
FN:85,(anonymous_11)
FN:98,(anonymous_12)
FN:104,(anonymous_13)
FN:108,(anonymous_14)
FNF:15
FNH:15
FNDA:1,(anonymous_0)
FNDA:4,(anonymous_1)
FNDA:3,(anonymous_2)
FNDA:1,(anonymous_3)
FNDA:1,(anonymous_4)
FNDA:1,(anonymous_5)
FNDA:1,(anonymous_6)
FNDA:1,(anonymous_7)
FNDA:1,(anonymous_8)
FNDA:1,(anonymous_9)
FNDA:2,(anonymous_10)
FNDA:1,(anonymous_11)
FNDA:2,(anonymous_12)
FNDA:3,(anonymous_13)
FNDA:1,(anonymous_14)
DA:1,1
DA:3,1
DA:4,1
DA:6,1
DA:7,1
DA:8,1
DA:10,1
DA:11,1
DA:13,1
DA:15,1
DA:17,1
DA:18,1
DA:22,4
DA:26,3
DA:30,1
DA:34,1
DA:35,1
DA:38,1
DA:40,1
DA:42,1
DA:48,1
DA:49,1
DA:51,1
DA:52,1
DA:55,1
DA:56,1
DA:62,1
DA:63,1
DA:67,1
DA:68,1
DA:72,2
DA:75,2
DA:78,2
DA:79,2
DA:80,2
DA:86,1
DA:90,1
DA:91,1
DA:95,1
DA:99,2
DA:100,2
DA:105,3
DA:109,1
DA:110,1
LF:44
LH:44
BRDA:71,0,0,1
BRDA:72,1,0,1
BRDA:72,1,1,1
BRDA:75,2,0,1
BRDA:75,2,1,1
BRF:5
BRH:5
end_of_record
TN:
SF:/Sites/rafipayment_socket_server/src/config/index.js
FNF:0
FNH:0
DA:1,1
LF:1
LH:1
BRF:0
BRH:0
end_of_record
TN:
SF:/Sites/rafipayment_socket_server/src/utils/index.js
FN:9,(anonymous_0)
FN:26,(anonymous_1)
FN:30,(anonymous_2)
FN:31,(anonymous_3)
FN:31,(anonymous_4)
FNF:5
FNH:5
FNDA:1,(anonymous_0)
FNDA:1,(anonymous_1)
FNDA:4,(anonymous_2)
FNDA:4,(anonymous_3)
FNDA:4,(anonymous_4)
DA:1,1
DA:3,1
DA:4,1
DA:5,1
DA:7,1
DA:9,1
DA:10,1
DA:12,1
DA:13,0
DA:15,0
DA:16,0
DA:17,0
DA:19,0
DA:26,1
DA:27,1
DA:30,1
DA:31,4
LF:17
LH:12
BRDA:12,0,0,0
BRDA:12,0,1,1
BRF:2
BRH:1
end_of_record
